[2026-05-25 16:40:50] Git: 
[2026-05-25 16:40:50] Git: [main a0786de] auto: update tunnel URL to https://operational-motorola-metallica-noble.trycloudflare
[2026-05-25 16:40:52] Git: 
[2026-05-25 16:40:52] ✅ Updated site to tunnel: https://operational-motorola-metallica-noble.trycloudflare.com
[2026-05-25 17:00:24] Tunnel https://operational-motorola-metallica-noble.trycloudflare.com not responding, skipping update
[2026-05-25 17:05:28] Tunnel https://operational-motorola-metallica-noble.trycloudflare.com not responding, skipping update
[2026-05-25 17:10:33] Tunnel https://operational-motorola-metallica-noble.trycloudflare.com not responding, skipping update
[2026-05-25 17:15:38] Tunnel https://operational-motorola-metallica-noble.trycloudflare.com not responding, skipping update
[2026-05-25 17:20:44] Tunnel https://operational-motorola-metallica-noble.trycloudflare.com not responding, skipping update
[2026-05-25 17:25:50] Tunnel https://operational-motorola-metallica-noble.trycloudflare.com not responding, skipping update
[2026-05-25 17:30:55] Tunnel https://operational-motorola-metallica-noble.trycloudflare.com not responding, skipping update
[2026-05-25 17:35:59] Tunnel https://operational-motorola-metallica-noble.trycloudflare.com not responding, skipping update
[2026-05-25 17:40:04] Tunnel https://operational-motorola-metallica-noble.trycloudflare.com not responding, skipping update
[2026-05-25 17:45:10] Tunnel https://operational-motorola-metallica-noble.trycloudflare.com not responding, skipping update
[2026-05-25 17:50:15] Tunnel https://operational-motorola-metallica-noble.trycloudflare.com not responding, skipping update
[2026-05-25 17:55:19] Tunnel https://operational-motorola-metallica-noble.trycloudflare.com not responding, skipping update
[2026-05-25 18:00:24] Tunnel https://operational-motorola-metallica-noble.trycloudflare.com not responding, skipping update
[2026-05-25 18:05:29] Tunnel https://operational-motorola-metallica-noble.trycloudflare.com not responding, skipping update
[2026-05-25 18:10:33] Tunnel https://operational-motorola-metallica-noble.trycloudflare.com not responding, skipping update
[2026-05-25 18:15:38] Tunnel https://operational-motorola-metallica-noble.trycloudflare.com not responding, skipping update
[2026-05-25 18:20:46] Tunnel https://operational-motorola-metallica-noble.trycloudflare.com not responding, skipping update
[2026-05-25 18:25:50] Tunnel https://operational-motorola-metallica-noble.trycloudflare.com not responding, skipping update
[2026-05-25 18:30:55] Tunnel https://operational-motorola-metallica-noble.trycloudflare.com not responding, skipping update
[2026-05-25 18:36:00] Tunnel https://operational-motorola-metallica-noble.trycloudflare.com not responding, skipping update
[2026-05-25 18:40:04] Tunnel https://operational-motorola-metallica-noble.trycloudflare.com not responding, skipping update
[2026-05-25 18:45:09] Tunnel https://operational-motorola-metallica-noble.trycloudflare.com not responding, skipping update
[2026-05-25 18:50:16] Tunnel https://operational-motorola-metallica-noble.trycloudflare.com not responding, skipping update
[2026-05-25 18:55:25] Tunnel https://operational-motorola-metallica-noble.trycloudflare.com not responding, skipping update
[2026-05-25 19:00:35] Tunnel https://operational-motorola-metallica-noble.trycloudflare.com not responding, skipping update
[2026-05-25 19:05:40] Tunnel https://operational-motorola-metallica-noble.trycloudflare.com not responding, skipping update
[2026-05-25 19:10:45] Tunnel https://operational-motorola-metallica-noble.trycloudflare.com not responding, skipping update
[2026-05-25 19:15:50] Tunnel https://operational-motorola-metallica-noble.trycloudflare.com not responding, skipping update
[2026-05-25 19:20:55] Tunnel https://operational-motorola-metallica-noble.trycloudflare.com not responding, skipping update
[2026-05-25 19:26:01] Tunnel https://operational-motorola-metallica-noble.trycloudflare.com not responding, skipping update
[2026-05-25 19:30:05] Tunnel https://operational-motorola-metallica-noble.trycloudflare.com not responding, skipping update
[2026-05-25 19:35:11] Tunnel https://operational-motorola-metallica-noble.trycloudflare.com not responding, skipping update
[2026-05-25 19:40:15] Tunnel https://operational-motorola-metallica-noble.trycloudflare.com not responding, skipping update
[2026-05-25 19:45:20] Tunnel https://operational-motorola-metallica-noble.trycloudflare.com not responding, skipping update
[2026-05-25 19:50:27] Tunnel https://operational-motorola-metallica-noble.trycloudflare.com not responding, skipping update
[2026-05-25 19:55:33] Tunnel https://operational-motorola-metallica-noble.trycloudflare.com not responding, skipping update
[2026-05-25 20:00:38] Tunnel https://operational-motorola-metallica-noble.trycloudflare.com not responding, skipping update
[2026-05-25 20:05:43] Tunnel https://operational-motorola-metallica-noble.trycloudflare.com not responding, skipping update
[2026-05-25 20:10:47] Tunnel https://operational-motorola-metallica-noble.trycloudflare.com not responding, skipping update
[2026-05-25 20:15:52] Tunnel https://operational-motorola-metallica-noble.trycloudflare.com not responding, skipping update
[2026-05-25 20:20:57] Tunnel https://operational-motorola-metallica-noble.trycloudflare.com not responding, skipping update
[2026-05-25 20:26:01] Tunnel https://operational-motorola-metallica-noble.trycloudflare.com not responding, skipping update
[2026-05-25 20:30:06] Tunnel https://operational-motorola-metallica-noble.trycloudflare.com not responding, skipping update
[2026-05-25 20:35:11] Tunnel https://operational-motorola-metallica-noble.trycloudflare.com not responding, skipping update
[2026-05-25 20:40:15] Tunnel https://operational-motorola-metallica-noble.trycloudflare.com not responding, skipping update
[2026-05-25 20:45:20] Tunnel https://operational-motorola-metallica-noble.trycloudflare.com not responding, skipping update
[2026-05-25 20:50:25] Tunnel https://operational-motorola-metallica-noble.trycloudflare.com not responding, skipping update
[2026-05-25 20:55:32] Tunnel https://operational-motorola-metallica-noble.trycloudflare.com not responding, skipping update
[2026-05-25 21:00:37] Tunnel https://operational-motorola-metallica-noble.trycloudflare.com not responding, skipping update
[2026-05-25 21:05:42] Tunnel https://operational-motorola-metallica-noble.trycloudflare.com not responding, skipping update
[2026-05-25 21:10:49] Tunnel https://operational-motorola-metallica-noble.trycloudflare.com not responding, skipping update
[2026-05-25 21:15:53] Tunnel https://operational-motorola-metallica-noble.trycloudflare.com not responding, skipping update
[2026-05-25 21:21:01] Tunnel https://operational-motorola-metallica-noble.trycloudflare.com not responding, skipping update
[2026-05-25 21:25:06] Tunnel https://operational-motorola-metallica-noble.trycloudflare.com not responding, skipping update
[2026-05-25 21:30:10] Tunnel https://operational-motorola-metallica-noble.trycloudflare.com not responding, skipping update
[2026-05-25 21:35:25] Tunnel https://operational-motorola-metallica-noble.trycloudflare.com not responding, skipping update
[2026-05-25 21:40:32] Tunnel https://operational-motorola-metallica-noble.trycloudflare.com not responding, skipping update
[2026-05-25 21:45:37] Tunnel https://operational-motorola-metallica-noble.trycloudflare.com not responding, skipping update
[2026-05-25 21:50:42] Tunnel https://operational-motorola-metallica-noble.trycloudflare.com not responding, skipping update
[2026-05-25 21:55:47] Tunnel https://operational-motorola-metallica-noble.trycloudflare.com not responding, skipping update
[2026-05-25 22:00:52] Tunnel https://operational-motorola-metallica-noble.trycloudflare.com not responding, skipping update
[2026-05-25 22:05:57] Tunnel https://operational-motorola-metallica-noble.trycloudflare.com not responding, skipping update
[2026-05-25 22:11:03] Tunnel https://operational-motorola-metallica-noble.trycloudflare.com not responding, skipping update
[2026-05-25 22:15:07] Tunnel https://operational-motorola-metallica-noble.trycloudflare.com not responding, skipping update
[2026-05-25 22:20:12] Tunnel https://operational-motorola-metallica-noble.trycloudflare.com not responding, skipping update
[2026-05-25 22:25:18] Tunnel https://operational-motorola-metallica-noble.trycloudflare.com not responding, skipping update
[2026-05-25 22:30:23] Tunnel https://operational-motorola-metallica-noble.trycloudflare.com not responding, skipping update
[2026-05-25 22:35:27] Tunnel https://operational-motorola-metallica-noble.trycloudflare.com not responding, skipping update
[2026-05-25 22:40:34] Tunnel https://operational-motorola-metallica-noble.trycloudflare.com not responding, skipping update
[2026-05-25 22:45:40] Tunnel https://operational-motorola-metallica-noble.trycloudflare.com not responding, skipping update
[2026-05-25 22:50:47] Tunnel https://operational-motorola-metallica-noble.trycloudflare.com not responding, skipping update
[2026-05-25 22:55:55] Tunnel https://operational-motorola-metallica-noble.trycloudflare.com not responding, skipping update
[2026-05-25 23:01:00] Tunnel https://operational-motorola-metallica-noble.trycloudflare.com not responding, skipping update
[2026-05-25 23:05:05] Tunnel https://operational-motorola-metallica-noble.trycloudflare.com not responding, skipping update
[2026-05-25 23:10:11] Tunnel https://operational-motorola-metallica-noble.trycloudflare.com not responding, skipping update
[2026-05-25 23:15:16] Tunnel https://operational-motorola-metallica-noble.trycloudflare.com not responding, skipping update
[2026-05-25 23:20:21] Tunnel https://operational-motorola-metallica-noble.trycloudflare.com not responding, skipping update
[2026-05-25 23:25:26] Tunnel https://operational-motorola-metallica-noble.trycloudflare.com not responding, skipping update
[2026-05-25 23:30:30] Tunnel https://operational-motorola-metallica-noble.trycloudflare.com not responding, skipping update
[2026-05-25 23:35:35] Tunnel https://operational-motorola-metallica-noble.trycloudflare.com not responding, skipping update
[2026-05-25 23:40:39] Tunnel https://operational-motorola-metallica-noble.trycloudflare.com not responding, skipping update
[2026-05-25 23:45:44] Tunnel https://operational-motorola-metallica-noble.trycloudflare.com not responding, skipping update
[2026-05-25 23:50:49] Tunnel https://operational-motorola-metallica-noble.trycloudflare.com not responding, skipping update
[2026-05-25 23:55:54] Tunnel https://operational-motorola-metallica-noble.trycloudflare.com not responding, skipping update
[2026-05-26 00:01:01] Tunnel https://operational-motorola-metallica-noble.trycloudflare.com not responding, skipping update
[2026-05-26 00:05:06] Tunnel https://operational-motorola-metallica-noble.trycloudflare.com not responding, skipping update
[2026-05-26 00:10:10] Tunnel https://operational-motorola-metallica-noble.trycloudflare.com not responding, skipping update
[2026-05-26 00:15:16] Tunnel https://operational-motorola-metallica-noble.trycloudflare.com not responding, skipping update
[2026-05-26 00:20:23] Tunnel https://operational-motorola-metallica-noble.trycloudflare.com not responding, skipping update
[2026-05-26 00:25:31] Tunnel https://operational-motorola-metallica-noble.trycloudflare.com not responding, skipping update
[2026-05-26 00:30:35] Tunnel https://operational-motorola-metallica-noble.trycloudflare.com not responding, skipping update
[2026-05-26 00:35:40] Tunnel https://operational-motorola-metallica-noble.trycloudflare.com not responding, skipping update
[2026-05-26 00:40:45] Tunnel https://operational-motorola-metallica-noble.trycloudflare.com not responding, skipping update
[2026-05-26 00:45:51] Tunnel https://operational-motorola-metallica-noble.trycloudflare.com not responding, skipping update
[2026-05-26 00:50:56] Tunnel https://operational-motorola-metallica-noble.trycloudflare.com not responding, skipping update
[2026-05-26 00:56:00] Tunnel https://operational-motorola-metallica-noble.trycloudflare.com not responding, skipping update
[2026-05-26 01:00:04] Tunnel https://operational-motorola-metallica-noble.trycloudflare.com not responding, skipping update
[2026-05-26 01:05:11] Tunnel https://operational-motorola-metallica-noble.trycloudflare.com not responding, skipping update
[2026-05-26 01:10:15] Tunnel https://operational-motorola-metallica-noble.trycloudflare.com not responding, skipping update
[2026-05-26 01:15:23] Tunnel https://operational-motorola-metallica-noble.trycloudflare.com not responding, skipping update
[2026-05-26 01:20:31] Tunnel https://operational-motorola-metallica-noble.trycloudflare.com not responding, skipping update
[2026-05-26 01:25:36] Tunnel https://operational-motorola-metallica-noble.trycloudflare.com not responding, skipping update
[2026-05-26 01:30:40] Tunnel https://operational-motorola-metallica-noble.trycloudflare.com not responding, skipping update
[2026-05-26 01:35:45] Tunnel https://operational-motorola-metallica-noble.trycloudflare.com not responding, skipping update
[2026-05-26 01:40:50] Tunnel https://operational-motorola-metallica-noble.trycloudflare.com not responding, skipping update
[2026-05-26 01:45:55] Tunnel https://operational-motorola-metallica-noble.trycloudflare.com not responding, skipping update
[2026-05-26 01:50:59] Tunnel https://operational-motorola-metallica-noble.trycloudflare.com not responding, skipping update
[2026-05-26 01:55:02] Tunnel https://operational-motorola-metallica-noble.trycloudflare.com not responding, skipping update
[2026-05-26 02:00:07] Tunnel https://operational-motorola-metallica-noble.trycloudflare.com not responding, skipping update
[2026-05-26 02:05:12] Tunnel https://operational-motorola-metallica-noble.trycloudflare.com not responding, skipping update
[2026-05-26 02:10:16] Tunnel https://operational-motorola-metallica-noble.trycloudflare.com not responding, skipping update
[2026-05-26 02:15:24] Tunnel https://operational-motorola-metallica-noble.trycloudflare.com not responding, skipping update
[2026-05-26 02:20:30] Tunnel https://operational-motorola-metallica-noble.trycloudflare.com not responding, skipping update
[2026-05-26 02:25:35] Tunnel https://operational-motorola-metallica-noble.trycloudflare.com not responding, skipping update
[2026-05-26 02:30:50] Tunnel https://operational-motorola-metallica-noble.trycloudflare.com not responding, skipping update
[2026-05-26 02:35:55] Tunnel https://operational-motorola-metallica-noble.trycloudflare.com not responding, skipping update
[2026-05-26 02:40:59] Tunnel https://operational-motorola-metallica-noble.trycloudflare.com not responding, skipping update
[2026-05-26 02:45:03] Tunnel https://operational-motorola-metallica-noble.trycloudflare.com not responding, skipping update
[2026-05-26 02:50:08] Tunnel https://operational-motorola-metallica-noble.trycloudflare.com not responding, skipping update
[2026-05-26 02:55:12] Tunnel https://operational-motorola-metallica-noble.trycloudflare.com not responding, skipping update
[2026-05-26 03:00:18] Tunnel https://operational-motorola-metallica-noble.trycloudflare.com not responding, skipping update
[2026-05-26 03:05:22] Tunnel https://operational-motorola-metallica-noble.trycloudflare.com not responding, skipping update
[2026-05-26 03:10:28] Tunnel https://operational-motorola-metallica-noble.trycloudflare.com not responding, skipping update
[2026-05-26 03:15:32] Tunnel https://operational-motorola-metallica-noble.trycloudflare.com not responding, skipping update
[2026-05-26 03:20:37] Tunnel https://operational-motorola-metallica-noble.trycloudflare.com not responding, skipping update
[2026-05-26 03:25:41] Tunnel https://operational-motorola-metallica-noble.trycloudflare.com not responding, skipping update
[2026-05-26 03:30:48] Tunnel https://operational-motorola-metallica-noble.trycloudflare.com not responding, skipping update
[2026-05-26 03:35:55] Tunnel https://operational-motorola-metallica-noble.trycloudflare.com not responding, skipping update
[2026-05-26 03:41:00] Tunnel https://operational-motorola-metallica-noble.trycloudflare.com not responding, skipping update
[2026-05-26 03:45:04] Tunnel https://operational-motorola-metallica-noble.trycloudflare.com not responding, skipping update
[2026-05-26 03:50:08] Tunnel https://operational-motorola-metallica-noble.trycloudflare.com not responding, skipping update
[2026-05-26 03:55:14] Tunnel https://operational-motorola-metallica-noble.trycloudflare.com not responding, skipping update
[2026-05-26 04:00:21] Tunnel https://operational-motorola-metallica-noble.trycloudflare.com not responding, skipping update
[2026-05-26 04:05:25] Tunnel https://operational-motorola-metallica-noble.trycloudflare.com not responding, skipping update
[2026-05-26 04:10:30] Tunnel https://operational-motorola-metallica-noble.trycloudflare.com not responding, skipping update
[2026-05-26 04:15:34] Tunnel https://operational-motorola-metallica-noble.trycloudflare.com not responding, skipping update
[2026-05-26 04:20:38] Tunnel https://operational-motorola-metallica-noble.trycloudflare.com not responding, skipping update
[2026-05-26 04:25:42] Tunnel https://operational-motorola-metallica-noble.trycloudflare.com not responding, skipping update
[2026-05-26 04:30:48] Tunnel https://operational-motorola-metallica-noble.trycloudflare.com not responding, skipping update
[2026-05-26 04:35:52] Tunnel https://operational-motorola-metallica-noble.trycloudflare.com not responding, skipping update
[2026-05-26 04:40:57] Tunnel https://operational-motorola-metallica-noble.trycloudflare.com not responding, skipping update
[2026-05-26 04:47:07] Git: 
[2026-05-26 04:47:07] Git: [main dac9654] auto: update tunnel URL to https://lrp-rt.loca.lt
 1 file changed, 1 insertion(+), 1 
[2026-05-26 04:47:08] Git: 
[2026-05-26 04:47:08] ✅ Updated site to tunnel: https://lrp-rt.loca.lt
[2026-05-26 05:30:44] Tunnel https://lrp-rt.loca.lt not responding, skipping update
[2026-05-26 05:55:35] Tunnel https://lrp-rt.loca.lt not responding, skipping update
[2026-05-26 06:11:09] Tunnel https://lrp-rt.loca.lt not responding, skipping update
[2026-05-26 06:45:23] Tunnel https://lrp-rt.loca.lt not responding, skipping update
[2026-05-26 07:30:15] Tunnel https://lrp-rt.loca.lt not responding, skipping update
[2026-05-26 07:35:30] Tunnel https://lrp-rt.loca.lt not responding, skipping update
[2026-05-26 07:46:18] Tunnel https://lrp-rt.loca.lt not responding, skipping update
[2026-05-26 09:20:31] Tunnel https://lrp-rt.loca.lt not responding, skipping update
[2026-05-26 10:20:39] Tunnel https://lrp-rt.loca.lt not responding, skipping update
[2026-05-26 10:31:00] Tunnel https://lrp-rt.loca.lt not responding, skipping update
[2026-05-26 10:40:28] Tunnel https://lrp-rt.loca.lt not responding, skipping update
[2026-05-26 10:56:27] Tunnel https://lrp-rt.loca.lt not responding, skipping update
[2026-05-26 11:01:04] Tunnel https://lrp-rt.loca.lt not responding, skipping update
[2026-05-26 11:15:30] Tunnel https://lrp-rt.loca.lt not responding, skipping update
[2026-05-26 11:20:46] Tunnel https://lrp-rt.loca.lt not responding, skipping update
[2026-05-26 11:26:02] Tunnel https://lrp-rt.loca.lt not responding, skipping update
[2026-05-26 11:30:20] Tunnel https://lrp-rt.loca.lt not responding, skipping update
[2026-05-26 11:46:06] Tunnel https://lrp-rt.loca.lt not responding, skipping update
[2026-05-26 11:50:34] Tunnel https://lrp-rt.loca.lt not responding, skipping update
[2026-05-26 11:56:04] Tunnel https://lrp-rt.loca.lt not responding, skipping update
[2026-05-26 12:26:48] Tunnel https://lrp-rt.loca.lt not responding, skipping update
[2026-05-26 12:27:06] Tunnel https://lrp-rt.loca.lt not responding, skipping update
[2026-05-26 12:30:33] Tunnel https://lrp-rt.loca.lt not responding, skipping update
[2026-05-26 12:40:55] Tunnel https://lrp-rt.loca.lt not responding, skipping update
[2026-05-26 13:15:57] Tunnel https://lrp-rt.loca.lt not responding, skipping update
[2026-05-26 13:21:14] Tunnel https://lrp-rt.loca.lt not responding, skipping update
[2026-05-26 13:51:10] Tunnel https://lrp-rt.loca.lt not responding, skipping update
[2026-05-26 14:20:45] Tunnel https://lrp-rt.loca.lt not responding, skipping update
[2026-05-26 14:50:54] Tunnel https://lrp-rt.loca.lt not responding, skipping update
[2026-05-26 14:56:09] Tunnel https://lrp-rt.loca.lt not responding, skipping update
[2026-05-26 15:01:18] Tunnel https://lrp-rt.loca.lt not responding, skipping update
[2026-05-26 15:40:23] Tunnel https://lrp-rt.loca.lt not responding, skipping update
[2026-05-26 16:06:13] Tunnel https://lrp-rt.loca.lt not responding, skipping update
[2026-05-26 17:06:04] Tunnel https://lrp-rt.loca.lt not responding, skipping update
[2026-05-26 18:35:29] Tunnel https://lrp-rt.loca.lt not responding, skipping update
[2026-05-26 18:51:12] Tunnel https://lrp-rt.loca.lt not responding, skipping update
[2026-05-26 19:02:26] Tunnel https://lrp-rt.loca.lt not responding, skipping update
[2026-05-26 19:10:57] Tunnel https://lrp-rt.loca.lt not responding, skipping update
[2026-05-26 19:16:13] Tunnel https://lrp-rt.loca.lt not responding, skipping update
[2026-05-26 19:25:48] Tunnel https://lrp-rt.loca.lt not responding, skipping update
[2026-05-26 19:31:05] Tunnel https://lrp-rt.loca.lt not responding, skipping update
[2026-05-26 19:51:03] Tunnel https://lrp-rt.loca.lt not responding, skipping update
[2026-05-26 20:00:32] Tunnel https://lrp-rt.loca.lt not responding, skipping update
[2026-05-26 20:05:51] Tunnel https://lrp-rt.loca.lt not responding, skipping update
[2026-05-26 20:15:24] Tunnel https://lrp-rt.loca.lt not responding, skipping update
[2026-05-26 20:20:41] Tunnel https://lrp-rt.loca.lt not responding, skipping update
[2026-05-26 20:31:03] Tunnel https://lrp-rt.loca.lt not responding, skipping update
[2026-05-26 20:45:33] Tunnel https://lrp-rt.loca.lt not responding, skipping update
[2026-05-26 20:50:50] Tunnel https://lrp-rt.loca.lt not responding, skipping update
[2026-05-26 21:00:22] Tunnel https://lrp-rt.loca.lt not responding, skipping update
[2026-05-26 21:20:36] Tunnel https://lrp-rt.loca.lt not responding, skipping update
[2026-05-26 21:25:55] Tunnel https://lrp-rt.loca.lt not responding, skipping update
[2026-05-26 21:31:03] Tunnel https://lrp-rt.loca.lt not responding, skipping update
[2026-05-26 21:35:20] Tunnel https://lrp-rt.loca.lt not responding, skipping update
[2026-05-26 21:45:56] Tunnel https://lrp-rt.loca.lt not responding, skipping update
[2026-05-26 21:51:12] Tunnel https://lrp-rt.loca.lt not responding, skipping update
[2026-05-26 22:15:40] Tunnel https://lrp-rt.loca.lt not responding, skipping update
[2026-05-26 22:20:54] Tunnel https://lrp-rt.loca.lt not responding, skipping update
[2026-05-26 22:26:13] Tunnel https://lrp-rt.loca.lt not responding, skipping update
[2026-05-26 22:35:45] Tunnel https://lrp-rt.loca.lt not responding, skipping update
[2026-05-26 22:50:38] Tunnel https://lrp-rt.loca.lt not responding, skipping update
[2026-05-26 22:55:54] Tunnel https://lrp-rt.loca.lt not responding, skipping update
[2026-05-26 23:05:18] Tunnel https://lrp-rt.loca.lt not responding, skipping update
[2026-05-26 23:10:33] Tunnel https://lrp-rt.loca.lt not responding, skipping update
[2026-05-26 23:50:15] Tunnel https://lrp-rt.loca.lt not responding, skipping update
[2026-05-26 23:55:31] Tunnel https://lrp-rt.loca.lt not responding, skipping update
[2026-05-27 00:00:49] Tunnel https://lrp-rt.loca.lt not responding, skipping update
[2026-05-27 00:06:03] Tunnel https://lrp-rt.loca.lt not responding, skipping update
[2026-05-27 00:20:35] Tunnel https://lrp-rt.loca.lt not responding, skipping update
[2026-05-27 00:51:29] Tunnel https://lrp-rt.loca.lt not responding, skipping update
[2026-05-27 00:56:33] Tunnel https://lrp-rt.loca.lt not responding, skipping update
[2026-05-27 01:06:09] Tunnel https://lrp-rt.loca.lt not responding, skipping update
[2026-05-27 01:25:45] Tunnel https://lrp-rt.loca.lt not responding, skipping update
[2026-05-27 01:30:59] Tunnel https://lrp-rt.loca.lt not responding, skipping update
[2026-05-27 01:35:14] Tunnel https://lrp-rt.loca.lt not responding, skipping update
[2026-05-27 02:05:51] Tunnel https://lrp-rt.loca.lt not responding, skipping update
[2026-05-27 02:15:31] Tunnel https://lrp-rt.loca.lt not responding, skipping update
[2026-05-27 02:20:45] Tunnel https://lrp-rt.loca.lt not responding, skipping update
[2026-05-27 02:26:40] Tunnel https://lrp-rt.loca.lt not responding, skipping update
[2026-05-27 02:27:50] Tunnel https://lrp-rt.loca.lt not responding (<urlopen error _ssl.c:999: The handshake operation timed out>), skipping update
[2026-05-27 02:28:23] Tunnel https://lrp-rt.loca.lt not responding (rc=28), skipping update
[2026-05-27 02:28:58] URL unchanged (https://lrp-rt.loca.lt), no update needed
[2026-05-27 02:34:36] Git: 
[2026-05-27 02:34:36] Git: [main 87617cc] auto: update tunnel URL to https://lrp-voice.loca.lt
 1 file changed, 1 insertion(+),
[2026-05-27 02:34:37] Git: 
[2026-05-27 02:34:37] ✅ Updated site to tunnel: https://lrp-voice.loca.lt
[2026-05-27 02:35:56] URL unchanged (https://lrp-voice.loca.lt), no update needed
[2026-05-27 02:41:01] URL unchanged (https://lrp-voice.loca.lt), no update needed
[2026-05-27 02:45:09] URL unchanged (https://lrp-voice.loca.lt), no update needed
[2026-05-27 02:50:24] Tunnel https://lrp-voice.loca.lt not responding (HTTPSConnectionPool(host='lrp-voice.loca.lt', port=443): Read timed out. (read timeout=10)), skipping update
[2026-05-27 02:55:45] URL unchanged (https://lrp-voice.loca.lt), no update needed
[2026-05-27 02:56:09] Tunnel https://lrp-voice.loca.lt not responding (HTTPSConnectionPool(host='lrp-voice.loca.lt', port=443): Read timed out. (read timeout=10)), skipping update
[2026-05-27 03:05:42] Tunnel https://lrp-voice.loca.lt not responding (status=503), skipping update
[2026-05-27 03:10:56] Tunnel https://lrp-voice.loca.lt not responding (HTTPSConnectionPool(host='lrp-voice.loca.lt', port=443): Read timed out. (read timeout=10)), skipping update
[2026-05-27 03:20:43] Tunnel https://lrp-voice.loca.lt not responding (status=503), skipping update
[2026-05-27 03:25:48] Tunnel https://lrp-voice.loca.lt not responding (status=503), skipping update
[2026-05-27 03:31:03] Tunnel https://lrp-voice.loca.lt not responding (status=503), skipping update
[2026-05-27 03:35:10] Tunnel https://lrp-voice.loca.lt not responding (status=503), skipping update
[2026-05-27 03:40:24] Tunnel https://lrp-voice.loca.lt not responding (HTTPSConnectionPool(host='lrp-voice.loca.lt', port=443): Read timed out. (read timeout=10)), skipping update
[2026-05-27 03:45:32] Tunnel https://lrp-voice.loca.lt not responding (status=503), skipping update
[2026-05-27 03:50:39] Tunnel https://lrp-voice.loca.lt not responding (status=503), skipping update
[2026-05-27 03:55:48] Tunnel https://lrp-voice.loca.lt not responding (status=503), skipping update
[2026-05-27 04:01:14] Tunnel https://lrp-voice.loca.lt not responding (status=503), skipping update
[2026-05-27 04:05:21] Tunnel https://lrp-voice.loca.lt not responding (status=503), skipping update
[2026-05-27 04:10:39] Tunnel https://lrp-voice.loca.lt not responding (HTTPSConnectionPool(host='lrp-voice.loca.lt', port=443): Read timed out. (read timeout=10)), skipping update
[2026-05-27 04:15:45] Tunnel https://lrp-voice.loca.lt not responding (status=503), skipping update
[2026-05-27 04:20:51] Tunnel https://lrp-voice.loca.lt not responding (status=503), skipping update
[2026-05-27 04:25:57] Tunnel https://lrp-voice.loca.lt not responding (status=503), skipping update
[2026-05-27 04:31:09] Tunnel https://lrp-voice.loca.lt not responding (status=503), skipping update
[2026-05-27 04:35:23] Tunnel https://lrp-voice.loca.lt not responding (status=503), skipping update
[2026-05-27 04:40:38] Tunnel https://lrp-voice.loca.lt not responding (HTTPSConnectionPool(host='lrp-voice.loca.lt', port=443): Max retries exceeded with url: /health (Caused by ConnectTimeoutError(<HTTPSConnection(host='lrp-voice.loca.lt', port=443) at 0x7441e74a9ad0>, 'Connection to lrp-voice.loca.lt timed out. (connect timeout=10)'))), skipping update
[2026-05-27 04:45:43] Tunnel https://lrp-voice.loca.lt not responding (status=503), skipping update
[2026-05-27 04:50:49] Tunnel https://lrp-voice.loca.lt not responding (status=503), skipping update
[2026-05-27 04:55:55] Tunnel https://lrp-voice.loca.lt not responding (status=503), skipping update
[2026-05-27 05:01:43] Tunnel https://lrp-voice.loca.lt not responding (status=503), skipping update
[2026-05-27 05:05:56] Tunnel https://lrp-voice.loca.lt not responding (status=503), skipping update
[2026-05-27 05:11:14] Tunnel https://lrp-voice.loca.lt not responding (HTTPSConnectionPool(host='lrp-voice.loca.lt', port=443): Read timed out. (read timeout=10)), skipping update
[2026-05-27 05:15:20] Tunnel https://lrp-voice.loca.lt not responding (status=503), skipping update
[2026-05-27 05:20:26] Tunnel https://lrp-voice.loca.lt not responding (status=503), skipping update
[2026-05-27 05:25:41] Tunnel https://lrp-voice.loca.lt not responding (HTTPSConnectionPool(host='lrp-voice.loca.lt', port=443): Read timed out. (read timeout=10)), skipping update
[2026-05-27 05:31:03] Tunnel https://lrp-voice.loca.lt not responding (status=503), skipping update
[2026-05-27 05:35:11] Tunnel https://lrp-voice.loca.lt not responding (status=503), skipping update
[2026-05-27 05:40:16] Tunnel https://lrp-voice.loca.lt not responding (status=503), skipping update
[2026-05-27 05:45:22] Tunnel https://lrp-voice.loca.lt not responding (status=503), skipping update
[2026-05-27 05:50:34] Tunnel https://lrp-voice.loca.lt not responding (status=503), skipping update
[2026-05-27 05:55:43] Tunnel https://lrp-voice.loca.lt not responding (status=503), skipping update
[2026-05-27 06:03:01] Tunnel https://lrp-voice.loca.lt not responding (status=503), skipping update
[2026-05-27 06:06:09] Tunnel https://lrp-voice.loca.lt not responding (HTTPSConnectionPool(host='lrp-voice.loca.lt', port=443): Read timed out. (read timeout=10)), skipping update
[2026-05-27 06:10:19] Tunnel https://lrp-voice.loca.lt not responding (status=503), skipping update
[2026-05-27 06:15:34] Tunnel https://lrp-voice.loca.lt not responding (HTTPSConnectionPool(host='lrp-voice.loca.lt', port=443): Max retries exceeded with url: /health (Caused by ConnectTimeoutError(<HTTPSConnection(host='lrp-voice.loca.lt', port=443) at 0x77efe05a9e90>, 'Connection to lrp-voice.loca.lt timed out. (connect timeout=10)'))), skipping update
[2026-05-27 06:20:47] Tunnel https://lrp-voice.loca.lt not responding (status=503), skipping update
[2026-05-27 06:25:53] Tunnel https://lrp-voice.loca.lt not responding (status=503), skipping update
[2026-05-27 06:31:32] Tunnel https://lrp-voice.loca.lt not responding (status=503), skipping update
[2026-05-27 06:36:57] Tunnel https://lrp-voice.loca.lt not responding (status=503), skipping update
[2026-05-27 06:41:05] Tunnel https://lrp-voice.loca.lt not responding (status=503), skipping update
[2026-05-27 06:45:15] Tunnel https://lrp-voice.loca.lt not responding (status=503), skipping update
[2026-05-27 06:50:26] Tunnel https://lrp-voice.loca.lt not responding (status=503), skipping update
[2026-05-27 06:55:32] Tunnel https://lrp-voice.loca.lt not responding (status=503), skipping update
[2026-05-27 07:02:44] Tunnel https://lrp-voice.loca.lt not responding (status=503), skipping update
[2026-05-27 07:06:22] Tunnel https://lrp-voice.loca.lt not responding (status=503), skipping update
[2026-05-27 07:10:34] Tunnel https://lrp-voice.loca.lt not responding (status=503), skipping update
[2026-05-27 07:15:41] Tunnel https://lrp-voice.loca.lt not responding (status=503), skipping update
[2026-05-27 07:20:48] Tunnel https://lrp-voice.loca.lt not responding (status=503), skipping update
[2026-05-27 07:26:04] Tunnel https://lrp-voice.loca.lt not responding (status=503), skipping update
[2026-05-27 07:30:31] Tunnel https://lrp-voice.loca.lt not responding (HTTPSConnectionPool(host='lrp-voice.loca.lt', port=443): Read timed out. (read timeout=10)), skipping update
[2026-05-27 07:35:51] Tunnel https://lrp-voice.loca.lt not responding (HTTPSConnectionPool(host='lrp-voice.loca.lt', port=443): Read timed out. (read timeout=10)), skipping update
[2026-05-27 07:41:07] Tunnel https://lrp-voice.loca.lt not responding (HTTPSConnectionPool(host='lrp-voice.loca.lt', port=443): Read timed out. (read timeout=10)), skipping update
[2026-05-27 07:45:14] URL unchanged (https://lrp-voice.loca.lt), no update needed
[2026-05-27 07:50:19] Tunnel https://lrp-voice.loca.lt not responding (status=503), skipping update
[2026-05-27 07:55:41] Tunnel https://lrp-voice.loca.lt not responding (HTTPSConnectionPool(host='lrp-voice.loca.lt', port=443): Read timed out. (read timeout=10)), skipping update
[2026-05-27 08:01:48] Tunnel https://lrp-voice.loca.lt not responding (status=503), skipping update
[2026-05-27 08:05:59] Tunnel https://lrp-voice.loca.lt not responding (status=503), skipping update
[2026-05-27 08:10:11] Tunnel https://lrp-voice.loca.lt not responding (status=503), skipping update
[2026-05-27 08:15:27] Tunnel https://lrp-voice.loca.lt not responding (status=503), skipping update
[2026-05-27 08:20:48] Tunnel https://lrp-voice.loca.lt not responding (HTTPSConnectionPool(host='lrp-voice.loca.lt', port=443): Read timed out. (read timeout=10)), skipping update
[2026-05-27 08:25:55] Tunnel https://lrp-voice.loca.lt not responding (status=503), skipping update
[2026-05-27 08:31:10] Tunnel https://lrp-voice.loca.lt not responding (HTTPSConnectionPool(host='lrp-voice.loca.lt', port=443): Read timed out. (read timeout=10)), skipping update
[2026-05-27 08:35:16] Tunnel https://lrp-voice.loca.lt not responding (status=503), skipping update
[2026-05-27 08:40:29] Tunnel https://lrp-voice.loca.lt not responding (status=503), skipping update
[2026-05-27 08:45:46] URL unchanged (https://lrp-voice.loca.lt), no update needed
[2026-05-27 08:51:18] Tunnel https://lrp-voice.loca.lt not responding (status=503), skipping update
[2026-05-27 08:55:36] Tunnel https://lrp-voice.loca.lt not responding (status=503), skipping update
[2026-05-27 09:01:22] Tunnel https://lrp-voice.loca.lt not responding (HTTPSConnectionPool(host='lrp-voice.loca.lt', port=443): Read timed out. (read timeout=10)), skipping update
[2026-05-27 09:05:37] Tunnel https://lrp-voice.loca.lt not responding (HTTPSConnectionPool(host='lrp-voice.loca.lt', port=443): Read timed out. (read timeout=10)), skipping update
[2026-05-27 09:10:52] Tunnel https://lrp-voice.loca.lt not responding (HTTPSConnectionPool(host='lrp-voice.loca.lt', port=443): Max retries exceeded with url: /health (Caused by ConnectTimeoutError(<HTTPSConnection(host='lrp-voice.loca.lt', port=443) at 0x70019d321d10>, 'Connection to lrp-voice.loca.lt timed out. (connect timeout=10)'))), skipping update
[2026-05-27 09:16:08] Tunnel https://lrp-voice.loca.lt not responding (HTTPSConnectionPool(host='lrp-voice.loca.lt', port=443): Read timed out. (read timeout=10)), skipping update
[2026-05-27 09:20:25] Tunnel https://lrp-voice.loca.lt not responding (HTTPSConnectionPool(host='lrp-voice.loca.lt', port=443): Read timed out. (read timeout=10)), skipping update
[2026-05-27 09:25:46] Tunnel https://lrp-voice.loca.lt not responding (HTTPSConnectionPool(host='lrp-voice.loca.lt', port=443): Read timed out. (read timeout=10)), skipping update
[2026-05-27 09:30:55] Tunnel https://lrp-voice.loca.lt not responding (status=503), skipping update
[2026-05-27 09:36:01] Tunnel https://lrp-voice.loca.lt not responding (status=503), skipping update
[2026-05-27 09:40:12] Tunnel https://lrp-voice.loca.lt not responding (status=503), skipping update
[2026-05-27 09:45:23] Tunnel https://lrp-voice.loca.lt not responding (status=503), skipping update
[2026-05-27 09:50:33] Tunnel https://lrp-voice.loca.lt not responding (status=503), skipping update
[2026-05-27 09:55:43] Tunnel https://lrp-voice.loca.lt not responding (status=503), skipping update
[2026-05-27 10:01:40] Tunnel https://lrp-voice.loca.lt not responding (status=503), skipping update
[2026-05-27 10:05:49] Tunnel https://lrp-voice.loca.lt not responding (status=503), skipping update
[2026-05-27 10:11:02] Tunnel https://lrp-voice.loca.lt not responding (status=503), skipping update
[2026-05-27 10:15:34] Tunnel https://lrp-voice.loca.lt not responding (status=503), skipping update
[2026-05-27 10:20:44] Tunnel https://lrp-voice.loca.lt not responding (status=503), skipping update
[2026-05-27 10:25:51] Tunnel https://lrp-voice.loca.lt not responding (status=503), skipping update
[2026-05-27 10:31:02] Tunnel https://lrp-voice.loca.lt not responding (status=503), skipping update
[2026-05-27 10:35:14] Tunnel https://lrp-voice.loca.lt not responding (status=503), skipping update
[2026-05-27 10:40:20] Tunnel https://lrp-voice.loca.lt not responding (status=503), skipping update
[2026-05-27 10:45:36] Tunnel https://lrp-voice.loca.lt not responding (status=503), skipping update
[2026-05-27 10:50:52] Tunnel https://lrp-voice.loca.lt not responding (status=503), skipping update
[2026-05-27 10:56:07] Tunnel https://lrp-voice.loca.lt not responding (status=503), skipping update
[2026-05-27 11:00:17] Tunnel https://lrp-voice.loca.lt not responding (status=503), skipping update
[2026-05-27 11:05:25] Tunnel https://lrp-voice.loca.lt not responding (status=503), skipping update
[2026-05-27 11:05:33] Tunnel https://lrp-voice.loca.lt not responding (status=503), skipping update
[2026-05-27 11:10:40] Tunnel https://lrp-voice.loca.lt not responding (status=503), skipping update
[2026-05-27 11:15:59] Tunnel https://lrp-voice.loca.lt not responding (status=503), skipping update
[2026-05-27 11:20:03] Tunnel https://lrp-voice.loca.lt not responding (status=503), skipping update
[2026-05-27 11:25:16] Tunnel https://lrp-voice.loca.lt not responding (status=503), skipping update
[2026-05-27 11:30:24] Tunnel https://lrp-voice.loca.lt not responding (status=503), skipping update
[2026-05-27 11:35:31] Tunnel https://lrp-voice.loca.lt not responding (status=503), skipping update
[2026-05-27 11:40:39] Tunnel https://lrp-voice.loca.lt not responding (status=503), skipping update
[2026-05-27 11:45:49] Tunnel https://lrp-voice.loca.lt not responding (status=503), skipping update
[2026-05-27 11:51:00] Tunnel https://lrp-voice.loca.lt not responding (status=503), skipping update
[2026-05-27 11:55:32] Tunnel https://lrp-voice.loca.lt not responding (status=503), skipping update
[2026-05-27 12:00:40] Tunnel https://lrp-voice.loca.lt not responding (status=503), skipping update
[2026-05-27 12:05:14] Tunnel https://lrp-voice.loca.lt not responding (status=503), skipping update
[2026-05-27 12:10:21] Tunnel https://lrp-voice.loca.lt not responding (status=503), skipping update
[2026-05-27 12:15:30] Tunnel https://lrp-voice.loca.lt not responding (status=503), skipping update
[2026-05-27 12:20:36] Tunnel https://lrp-voice.loca.lt not responding (status=503), skipping update
[2026-05-27 12:25:45] Tunnel https://lrp-voice.loca.lt not responding (status=503), skipping update
[2026-05-27 12:31:04] Tunnel https://lrp-voice.loca.lt not responding (status=503), skipping update
[2026-05-27 12:35:09] Tunnel https://lrp-voice.loca.lt not responding (status=503), skipping update
[2026-05-27 12:40:17] Tunnel https://lrp-voice.loca.lt not responding (status=503), skipping update
[2026-05-27 12:45:27] Tunnel https://lrp-voice.loca.lt not responding (status=503), skipping update
[2026-05-27 12:50:33] Tunnel https://lrp-voice.loca.lt not responding (status=503), skipping update
[2026-05-27 12:55:40] Tunnel https://lrp-voice.loca.lt not responding (status=503), skipping update
[2026-05-27 13:01:43] Tunnel https://lrp-voice.loca.lt not responding (status=503), skipping update
[2026-05-27 13:05:49] Tunnel https://lrp-voice.loca.lt not responding (status=503), skipping update
[2026-05-27 13:10:58] Tunnel https://lrp-voice.loca.lt not responding (status=503), skipping update
[2026-05-27 13:15:06] Tunnel https://lrp-voice.loca.lt not responding (status=503), skipping update
[2026-05-27 13:20:13] Tunnel https://lrp-voice.loca.lt not responding (status=503), skipping update
[2026-05-27 13:25:27] Tunnel https://lrp-voice.loca.lt not responding (status=503), skipping update
[2026-05-27 13:31:09] Tunnel https://lrp-voice.loca.lt not responding (status=503), skipping update
[2026-05-27 13:35:15] Tunnel https://lrp-voice.loca.lt not responding (status=503), skipping update
[2026-05-27 13:40:25] Tunnel https://lrp-voice.loca.lt not responding (status=503), skipping update
[2026-05-27 13:45:31] Tunnel https://lrp-voice.loca.lt not responding (status=503), skipping update
[2026-05-27 13:50:37] Tunnel https://lrp-voice.loca.lt not responding (status=503), skipping update
[2026-05-27 13:55:43] Tunnel https://lrp-voice.loca.lt not responding (status=503), skipping update
[2026-05-27 14:02:01] Tunnel https://lrp-voice.loca.lt not responding (status=503), skipping update
[2026-05-27 14:05:15] Tunnel https://lrp-voice.loca.lt not responding (status=503), skipping update
[2026-05-27 14:10:21] Tunnel https://lrp-voice.loca.lt not responding (status=503), skipping update
[2026-05-27 14:15:28] Tunnel https://lrp-voice.loca.lt not responding (status=503), skipping update
[2026-05-27 14:20:34] Tunnel https://lrp-voice.loca.lt not responding (status=503), skipping update
[2026-05-27 14:34:48] Tunnel https://lrp-voice.loca.lt not responding (status=503), skipping update
[2026-05-27 14:35:54] Tunnel https://lrp-voice.loca.lt not responding (status=503), skipping update
[2026-05-27 14:41:01] Tunnel https://lrp-voice.loca.lt not responding (status=503), skipping update
[2026-05-27 14:45:07] Tunnel https://lrp-voice.loca.lt not responding (status=503), skipping update
[2026-05-27 14:50:56] Tunnel https://lrp-voice.loca.lt not responding (status=503), skipping update
[2026-05-27 14:55:09] Tunnel https://lrp-voice.loca.lt not responding (status=503), skipping update
[2026-05-27 15:11:31] Tunnel https://lrp-voice.loca.lt not responding (status=503), skipping update
[2026-05-27 15:15:36] Tunnel https://lrp-voice.loca.lt not responding (status=503), skipping update
[2026-05-27 15:20:46] Tunnel https://lrp-voice.loca.lt not responding (status=503), skipping update
[2026-05-27 15:25:53] Tunnel https://lrp-voice.loca.lt not responding (status=503), skipping update
[2026-05-27 15:31:03] Tunnel https://lrp-voice.loca.lt not responding (status=503), skipping update
[2026-05-27 15:35:10] Tunnel https://lrp-voice.loca.lt not responding (status=503), skipping update
[2026-05-27 15:40:16] Tunnel https://lrp-voice.loca.lt not responding (status=503), skipping update
[2026-05-27 15:45:27] Tunnel https://lrp-voice.loca.lt not responding (status=503), skipping update
[2026-05-27 15:50:33] Tunnel https://lrp-voice.loca.lt not responding (status=503), skipping update
[2026-05-27 15:55:39] Tunnel https://lrp-voice.loca.lt not responding (status=503), skipping update
[2026-05-27 16:00:46] Tunnel https://lrp-voice.loca.lt not responding (status=503), skipping update
[2026-05-27 16:05:53] Tunnel https://lrp-voice.loca.lt not responding (status=503), skipping update
[2026-05-27 16:11:01] Tunnel https://lrp-voice.loca.lt not responding (status=503), skipping update
[2026-05-27 16:11:57] Tunnel https://lrp-voice.loca.lt not responding (HTTPSConnectionPool(host='lrp-voice.loca.lt', port=443): Read timed out. (read timeout=10)), skipping update
[2026-05-27 16:13:19] URL unchanged (https://lrp-voice.loca.lt), no update needed
[2026-05-27 16:15:40] Tunnel https://lrp-voice.loca.lt not responding (status=503), skipping update
[2026-05-27 16:20:53] Tunnel https://lrp-voice.loca.lt not responding (status=503), skipping update
[2026-05-27 16:21:50] URL unchanged (https://lrp-voice.loca.lt), no update needed
[2026-05-27 16:26:10] URL unchanged (https://lrp-voice.loca.lt), no update needed
[2026-05-27 16:30:17] URL unchanged (https://lrp-voice.loca.lt), no update needed
[2026-05-27 16:35:39] URL unchanged (https://lrp-voice.loca.lt), no update needed
[2026-05-27 16:40:46] URL unchanged (https://lrp-voice.loca.lt), no update needed
[2026-05-27 16:45:58] URL unchanged (https://lrp-voice.loca.lt), no update needed
[2026-05-27 16:50:04] URL unchanged (https://lrp-voice.loca.lt), no update needed
[2026-05-27 16:55:11] URL unchanged (https://lrp-voice.loca.lt), no update needed
[2026-05-27 17:01:35] URL unchanged (https://lrp-voice.loca.lt), no update needed
[2026-05-27 17:05:40] URL unchanged (https://lrp-voice.loca.lt), no update needed
[2026-05-27 17:10:46] URL unchanged (https://lrp-voice.loca.lt), no update needed
[2026-05-27 17:15:52] URL unchanged (https://lrp-voice.loca.lt), no update needed
[2026-05-27 17:20:57] URL unchanged (https://lrp-voice.loca.lt), no update needed
[2026-05-27 17:26:03] URL unchanged (https://lrp-voice.loca.lt), no update needed
[2026-05-27 17:30:09] URL unchanged (https://lrp-voice.loca.lt), no update needed
[2026-05-27 17:35:14] URL unchanged (https://lrp-voice.loca.lt), no update needed
[2026-05-27 17:40:20] URL unchanged (https://lrp-voice.loca.lt), no update needed
[2026-05-27 17:45:27] URL unchanged (https://lrp-voice.loca.lt), no update needed
[2026-05-27 17:50:36] URL unchanged (https://lrp-voice.loca.lt), no update needed
[2026-05-27 17:55:46] URL unchanged (https://lrp-voice.loca.lt), no update needed
[2026-05-27 18:00:52] URL unchanged (https://lrp-voice.loca.lt), no update needed
[2026-05-27 18:05:59] URL unchanged (https://lrp-voice.loca.lt), no update needed
[2026-05-27 18:10:04] URL unchanged (https://lrp-voice.loca.lt), no update needed
[2026-05-27 18:15:11] URL unchanged (https://lrp-voice.loca.lt), no update needed
[2026-05-27 18:20:17] URL unchanged (https://lrp-voice.loca.lt), no update needed
[2026-05-27 18:25:25] URL unchanged (https://lrp-voice.loca.lt), no update needed
[2026-05-27 18:30:33] URL unchanged (https://lrp-voice.loca.lt), no update needed
[2026-05-27 18:35:39] URL unchanged (https://lrp-voice.loca.lt), no update needed
[2026-05-27 18:40:45] URL unchanged (https://lrp-voice.loca.lt), no update needed
[2026-05-27 18:45:52] URL unchanged (https://lrp-voice.loca.lt), no update needed
[2026-05-27 19:00:35] URL unchanged (https://lrp-voice.loca.lt), no update needed
[2026-05-27 19:05:42] URL unchanged (https://lrp-voice.loca.lt), no update needed
[2026-05-27 19:10:50] URL unchanged (https://lrp-voice.loca.lt), no update needed
[2026-05-27 19:16:02] URL unchanged (https://lrp-voice.loca.lt), no update needed
[2026-05-27 19:20:07] URL unchanged (https://lrp-voice.loca.lt), no update needed
[2026-05-27 19:25:13] URL unchanged (https://lrp-voice.loca.lt), no update needed
[2026-05-27 19:30:19] URL unchanged (https://lrp-voice.loca.lt), no update needed
[2026-05-27 19:35:27] URL unchanged (https://lrp-voice.loca.lt), no update needed
[2026-05-27 19:40:33] URL unchanged (https://lrp-voice.loca.lt), no update needed
[2026-05-27 19:51:42] URL unchanged (https://lrp-voice.loca.lt), no update needed
[2026-05-27 19:55:53] URL unchanged (https://lrp-voice.loca.lt), no update needed
[2026-05-27 20:03:07] URL unchanged (https://lrp-voice.loca.lt), no update needed
[2026-05-27 20:05:17] URL unchanged (https://lrp-voice.loca.lt), no update needed
[2026-05-27 20:10:26] URL unchanged (https://lrp-voice.loca.lt), no update needed
[2026-05-27 20:15:34] URL unchanged (https://lrp-voice.loca.lt), no update needed
